<?xml version="1.0" encoding="UTF-8"?>
<testng-results skipped="0" failed="0" total="1" passed="1">
  <reporter-output>
  </reporter-output>
  <suite name="Default suite" duration-ms="17670" started-at="2020-03-31T19:10:21Z" finished-at="2020-03-31T19:10:39Z">
    <groups>
    </groups>
    <test name="Default test" duration-ms="17670" started-at="2020-03-31T19:10:21Z" finished-at="2020-03-31T19:10:39Z">
      <class name="tests.NewTest">
        <test-method status="PASS" signature="beforeMethod()[pri:0, instance:tests.NewTest@5025a98f]" name="beforeMethod" is-config="true" duration-ms="15745" started-at="2020-04-01T00:40:22Z" finished-at="2020-04-01T00:40:37Z">
          <reporter-output>
          </reporter-output>
        </test-method> <!-- beforeMethod -->
        <test-method status="PASS" signature="f()[pri:0, instance:tests.NewTest@5025a98f]" name="f" duration-ms="860" started-at="2020-04-01T00:40:37Z" finished-at="2020-04-01T00:40:38Z">
          <reporter-output>
          </reporter-output>
        </test-method> <!-- f -->
        <test-method status="PASS" signature="afterMethod()[pri:0, instance:tests.NewTest@5025a98f]" name="afterMethod" is-config="true" duration-ms="818" started-at="2020-04-01T00:40:38Z" finished-at="2020-04-01T00:40:39Z">
          <reporter-output>
          </reporter-output>
        </test-method> <!-- afterMethod -->
      </class> <!-- tests.NewTest -->
    </test> <!-- Default test -->
  </suite> <!-- Default suite -->
</testng-results>
